[debug] [2022-03-20T09:30:49.683Z] ----------------------------------------------------------------------
[debug] [2022-03-20T09:30:49.684Z] Command:       /usr/local/bin/node /usr/local/bin/firebase init
[debug] [2022-03-20T09:30:49.684Z] CLI Version:   10.4.0
[debug] [2022-03-20T09:30:49.684Z] Platform:      darwin
[debug] [2022-03-20T09:30:49.684Z] Node Version:  v16.14.0
[debug] [2022-03-20T09:30:49.685Z] Time:          Sun Mar 20 2022 15:00:49 GMT+0530 (India Standard Time)
[debug] [2022-03-20T09:30:49.685Z] ----------------------------------------------------------------------
[debug] 
[debug] [2022-03-20T09:30:49.687Z] > command requires scopes: ["email","openid","https://www.googleapis.com/auth/cloudplatformprojects.readonly","https://www.googleapis.com/auth/firebase","https://www.googleapis.com/auth/cloud-platform"]
[debug] [2022-03-20T09:30:49.688Z] > authorizing via signed-in user (ashutoshpunia690@gmail.com)
[info] 
     ######## #### ########  ######## ########     ###     ######  ########
     ##        ##  ##     ## ##       ##     ##  ##   ##  ##       ##
     ######    ##  ########  ######   ########  #########  ######  ######
     ##        ##  ##    ##  ##       ##     ## ##     ##       ## ##
     ##       #### ##     ## ######## ########  ##     ##  ######  ########

You're about to initialize a Firebase project in this directory:

  /Users/ashutosh/Documents/News_app_react/news-monk

[info] 
=== Project Setup
[info] 
[info] First, let's associate this project directory with a Firebase project.
[info] You can create multiple project aliases by running firebase use --add, 
[info] but for now we'll just set up a default project.
[info] 
[debug] [2022-03-20T09:32:43.335Z] >>> [apiv2][query] GET https://firebase.googleapis.com/v1beta1/projects pageSize=100
[debug] [2022-03-20T09:32:44.142Z] <<< [apiv2][status] GET https://firebase.googleapis.com/v1beta1/projects 200
[debug] [2022-03-20T09:32:44.142Z] <<< [apiv2][body] GET https://firebase.googleapis.com/v1beta1/projects [omitted]
[info] i  Using project newsmonk-cc723 (Newsmonk) 
[info] 
=== Hosting Setup
[info] 
[info] Your public directory is the folder (relative to your project directory) that
[info] will contain Hosting assets to be uploaded with firebase deploy. If you
[info] have a build process for your assets, use your build's output directory.
[info] 
[debug] [2022-03-20T09:34:09.872Z] >>> [apiv2][query] GET https://www.gstatic.com/firebasejs/releases.json [none]
[debug] [2022-03-20T09:34:09.992Z] <<< [apiv2][status] GET https://www.gstatic.com/firebasejs/releases.json 200
[debug] [2022-03-20T09:34:09.993Z] <<< [apiv2][body] GET https://www.gstatic.com/firebasejs/releases.json {"current":{"version":"9.6.9","browserURL":"https://www.gstatic.com/firebasejs/9.6.9/firebase.js","packageURL":"https://www.gstatic.com/firebasejs/9.6.9/firebase.tgz"},"live":{"version":"9.6","browserURL":"https://www.gstatic.com/firebasejs/live/9.6/firebase.js","packageURL":"https://www.gstatic.com/firebasejs/live/9.6/firebase.tgz"},"components":{"analytics":"https://www.gstatic.com/firebasejs/9.6.9/firebase-analytics.js","app":"https://www.gstatic.com/firebasejs/9.6.9/firebase-app.js","app-check":"https://www.gstatic.com/firebasejs/9.6.9/firebase-app-check.js","auth":"https://www.gstatic.com/firebasejs/9.6.9/firebase-auth.js","auth/cordova":"https://www.gstatic.com/firebasejs/9.6.9/firebase-auth/cordova.js","auth/react-native":"https://www.gstatic.com/firebasejs/9.6.9/firebase-auth/react-native.js","functions":"https://www.gstatic.com/firebasejs/9.6.9/firebase-functions.js","firestore":"https://www.gstatic.com/firebasejs/9.6.9/firebase-firestore.js","firestore/lite":"https://www.gstatic.com/firebasejs/9.6.9/firebase-firestore/lite.js","storage":"https://www.gstatic.com/firebasejs/9.6.9/firebase-storage.js","performance":"https://www.gstatic.com/firebasejs/9.6.9/firebase-performance.js","remote-config":"https://www.gstatic.com/firebasejs/9.6.9/firebase-remote-config.js","messaging":"https://www.gstatic.com/firebasejs/9.6.9/firebase-messaging.js","messaging/sw":"https://www.gstatic.com/firebasejs/9.6.9/firebase-messaging/sw.js","database":"https://www.gstatic.com/firebasejs/9.6.9/firebase-database.js","firestore.memory":"https://www.gstatic.com/firebasejs/9.6.9/firebase-firestore.memory.js"}}
[info] ✔  Wrote build/index.html 
[info] 
[info] i  Detected a .git folder at /Users/ashutosh/Documents/News_app_react/news-monk 
[info] i  Authorizing with GitHub to upload your service account to a GitHub repository's secrets store. 
[info] 
[info] Visit this URL on this device to log in:
[info] https://github.com/login/oauth/authorize?client_id=89cf50f02ac6aaed3484&state=549984140&redirect_uri=http%3A%2F%2Flocalhost%3A9005&scope=read%3Auser%20repo%20public_repo
[info] 
[info] Waiting for authentication...
[debug] [2022-03-20T09:34:19.797Z] >>> HTTP REQUEST POST https://github.com/login/oauth/access_token  
 {"client_id":"89cf50f02ac6aaed3484","client_secret":"3330d14abc895d9a74d5f17cd7a00711fa2c5bf0","code":"2381f528aeb00f3fdcfd","redirect_uri":"http://localhost:9005","state":"549984140"}
[debug] [2022-03-20T09:34:20.179Z] <<< HTTP RESPONSE 200 {"server":"GitHub.com","date":"Sun, 20 Mar 2022 09:34:20 GMT","content-type":"application/json; charset=utf-8","transfer-encoding":"chunked","vary":"X-PJAX, X-PJAX-Container, Accept-Encoding, Accept, X-Requested-With","permissions-policy":"interest-cohort=()","etag":"W/\"40222faef7a01ae8bad72f142cb658af\"","cache-control":"max-age=0, private, must-revalidate","strict-transport-security":"max-age=31536000; includeSubdomains; preload","x-frame-options":"deny","x-content-type-options":"nosniff","x-xss-protection":"0","referrer-policy":"origin-when-cross-origin, strict-origin-when-cross-origin","expect-ct":"max-age=2592000, report-uri=\"https://api.github.com/_private/browser/errors\"","content-security-policy":"default-src 'none'; base-uri 'self'; block-all-mixed-content; child-src github.com/assets-cdn/worker/ gist.github.com/assets-cdn/worker/; connect-src 'self' uploads.github.com objects-origin.githubusercontent.com www.githubstatus.com collector.githubapp.com collector.github.com api.github.com github-cloud.s3.amazonaws.com github-production-repository-file-5c1aeb.s3.amazonaws.com github-production-upload-manifest-file-7fdce7.s3.amazonaws.com github-production-user-asset-6210df.s3.amazonaws.com cdn.optimizely.com logx.optimizely.com/v1/events translator.github.com wss://alive.github.com; font-src github.githubassets.com; form-action 'self' github.com gist.github.com objects-origin.githubusercontent.com; frame-ancestors 'none'; frame-src render.githubusercontent.com viewscreen.githubusercontent.com notebooks.githubusercontent.com; img-src 'self' data: github.githubassets.com identicons.github.com collector.githubapp.com collector.github.com github-cloud.s3.amazonaws.com secured-user-images.githubusercontent.com/ *.githubusercontent.com; manifest-src 'self'; media-src github.com user-images.githubusercontent.com/; script-src github.githubassets.com; style-src 'unsafe-inline' github.githubassets.com; worker-src github.com/assets-cdn/worker/ gist.github.com/assets-cdn/worker/","x-github-request-id":"C167:398D:12FF8BE:15F8CF9:6236F51C"}
[debug] [2022-03-20T09:34:20.194Z] >>> [apiv2][query] GET https://api.github.com/user [none]
[debug] [2022-03-20T09:34:20.698Z] <<< [apiv2][status] GET https://api.github.com/user 200
[debug] [2022-03-20T09:34:20.698Z] <<< [apiv2][body] GET https://api.github.com/user {"login":"0Pixel0","id":84190009,"node_id":"MDQ6VXNlcjg0MTkwMDA5","avatar_url":"https://avatars.githubusercontent.com/u/84190009?v=4","gravatar_id":"","url":"https://api.github.com/users/0Pixel0","html_url":"https://github.com/0Pixel0","followers_url":"https://api.github.com/users/0Pixel0/followers","following_url":"https://api.github.com/users/0Pixel0/following{/other_user}","gists_url":"https://api.github.com/users/0Pixel0/gists{/gist_id}","starred_url":"https://api.github.com/users/0Pixel0/starred{/owner}{/repo}","subscriptions_url":"https://api.github.com/users/0Pixel0/subscriptions","organizations_url":"https://api.github.com/users/0Pixel0/orgs","repos_url":"https://api.github.com/users/0Pixel0/repos","events_url":"https://api.github.com/users/0Pixel0/events{/privacy}","received_events_url":"https://api.github.com/users/0Pixel0/received_events","type":"User","site_admin":false,"name":"Ashutosh","company":null,"blog":"","location":"Gohana,Sonepat","email":"ashutosh.punia@yandex.com","hireable":null,"bio":"Hey there I am Ashutosh, currently, I am pursuing a cs degree from Delhi Technological University(formerly DCE).I have an interest in new web technologies.","twitter_username":"Pi_X_eL0","public_repos":16,"public_gists":0,"followers":0,"following":0,"created_at":"2021-05-14T14:00:15Z","updated_at":"2022-03-20T09:34:15Z","private_gists":0,"total_private_repos":1,"owned_private_repos":1,"disk_usage":15283,"collaborators":0,"two_factor_authentication":false,"plan":{"name":"pro","space":976562499,"collaborators":0,"private_repos":9999}}
[info] 
[info] ✔  Success! Logged into GitHub as 0Pixel0 
[info] 
